<?xml version="1.0" encoding="UTF-8"?>
<testsuites name="jest tests" tests="5" failures="0" time="2.886">
  <testsuite name="undefined" errors="0" failures="0" skipped="0" timestamp="2022-01-16T20:58:44" time="2.324" tests="5">
    <testcase classname=" Should Add item to cart" name=" Should Add item to cart" time="0.049">
    </testcase>
    <testcase classname=" Should Calculate correct price before selecting coupon" name=" Should Calculate correct price before selecting coupon" time="0.031">
    </testcase>
    <testcase classname=" Should calculate discounts on selecting a coupon" name=" Should calculate discounts on selecting a coupon" time="0.016">
    </testcase>
    <testcase classname=" Should recalculate prices when item is removed from cart" name=" Should recalculate prices when item is removed from cart" time="0.027">
    </testcase>
    <testcase classname=" Should recalculate prices when coupon is changed" name=" Should recalculate prices when coupon is changed" time="0.021">
    </testcase>
  </testsuite>
</testsuites>